<?xml version="1.0" encoding="UTF-8"?>
<!-- Generated by org.testng.reporters.JUnitXMLReporter -->
<testsuite hostname="Antons-iMac.home" ignored="0" name="Default test" tests="3" failures="0" timestamp="2020-05-23T13:29:01 EDT" time="13.266" errors="0">
  <testcase name="emptyUsernameLogin" time="0.319" classname="com.syntax.testcases.Login"/>
  <testcase name="invalidPasswordLogin" time="1.105" classname="com.syntax.testcases.Login"/>
  <testcase name="validAdminLogin" time="4.217" classname="com.syntax.testcases.Login"/>
</testsuite> <!-- Default test -->
