<?xml version="1.0" encoding="UTF-8"?>
<testng-results skipped="0" failed="0" ignored="11" total="12" passed="1">
  <reporter-output>
  </reporter-output>
  <suite name="Smoke Suite" duration-ms="6745" started-at="2020-06-02T20:23:32 EDT" finished-at="2020-06-02T20:23:38 EDT">
    <groups>
      <group name="smoke">
        <method signature="LoginTest.validAdminLogin()[pri:0, instance:com.hrms.testcases.LoginTest@1a8a8f7c]" name="validAdminLogin" class="com.hrms.testcases.LoginTest"/>
      </group> <!-- smoke -->
    </groups>
    <test name="Smoke Test" duration-ms="6745" started-at="2020-06-02T20:23:32 EDT" finished-at="2020-06-02T20:23:38 EDT">
      <class name="com.hrms.testcases.LoginTest">
        <test-method status="PASS" signature="setUp()[pri:0, instance:com.hrms.testcases.LoginTest@1a8a8f7c]" name="setUp" is-config="true" duration-ms="2815" started-at="2020-06-02T20:23:32 EDT" finished-at="2020-06-02T20:23:35 EDT">
          <reporter-output>
          </reporter-output>
        </test-method> <!-- setUp -->
        <test-method status="PASS" signature="validAdminLogin()[pri:0, instance:com.hrms.testcases.LoginTest@1a8a8f7c]" name="validAdminLogin" duration-ms="2342" started-at="2020-06-02T20:23:35 EDT" finished-at="2020-06-02T20:23:37 EDT">
          <reporter-output>
          </reporter-output>
        </test-method> <!-- validAdminLogin -->
        <test-method status="PASS" signature="tearDown()[pri:0, instance:com.hrms.testcases.LoginTest@1a8a8f7c]" name="tearDown" is-config="true" duration-ms="95" started-at="2020-06-02T20:23:38 EDT" finished-at="2020-06-02T20:23:38 EDT">
          <reporter-output>
          </reporter-output>
        </test-method> <!-- tearDown -->
      </class> <!-- com.hrms.testcases.LoginTest -->
      <class name="com.hrms.testcases.TitleLogoAndloginValidation">
        <test-method status="PASS" signature="generateReport()[pri:0, instance:com.hrms.testcases.TitleLogoAndloginValidation@51e2adc7]" name="generateReport" is-config="true" duration-ms="125" started-at="2020-06-02T20:23:32 EDT" finished-at="2020-06-02T20:23:32 EDT">
          <reporter-output>
          </reporter-output>
        </test-method> <!-- generateReport -->
        <test-method status="PASS" signature="writeReport()[pri:0, instance:com.hrms.testcases.TitleLogoAndloginValidation@51e2adc7]" name="writeReport" is-config="true" duration-ms="309" started-at="2020-06-02T20:23:38 EDT" finished-at="2020-06-02T20:23:38 EDT">
          <reporter-output>
          </reporter-output>
        </test-method> <!-- writeReport -->
      </class> <!-- com.hrms.testcases.TitleLogoAndloginValidation -->
    </test> <!-- Smoke Test -->
  </suite> <!-- Smoke Suite -->
</testng-results>
