<?xml version="1.0" encoding="UTF-8"?>
<testng-results skipped="0" failed="0" ignored="3" total="4" passed="1">
  <reporter-output>
  </reporter-output>
  <suite name="Default suite" duration-ms="7147" started-at="2020-05-21T21:33:59 EDT" finished-at="2020-05-21T21:34:06 EDT">
    <groups>
    </groups>
    <test name="Default test" duration-ms="7147" started-at="2020-05-21T21:33:59 EDT" finished-at="2020-05-21T21:34:06 EDT">
      <class name="com.syntax.class01.TitleLogoAndloginValidation">
        <test-method status="PASS" signature="openAndNavigate()[pri:0, instance:com.syntax.class01.TitleLogoAndloginValidation@3b084709]" name="openAndNavigate" is-config="true" duration-ms="4968" started-at="2020-05-21T21:33:59 EDT" finished-at="2020-05-21T21:34:04 EDT">
          <reporter-output>
          </reporter-output>
        </test-method> <!-- openAndNavigate -->
        <test-method status="PASS" signature="logoValidation()[pri:0, instance:com.syntax.class01.TitleLogoAndloginValidation@3b084709]" name="logoValidation" duration-ms="2062" started-at="2020-05-21T21:34:04 EDT" finished-at="2020-05-21T21:34:06 EDT">
          <reporter-output>
          </reporter-output>
        </test-method> <!-- logoValidation -->
        <test-method status="PASS" signature="quiteBrowser()[pri:0, instance:com.syntax.class01.TitleLogoAndloginValidation@3b084709]" name="quiteBrowser" is-config="true" duration-ms="81" started-at="2020-05-21T21:34:06 EDT" finished-at="2020-05-21T21:34:06 EDT">
          <reporter-output>
          </reporter-output>
        </test-method> <!-- quiteBrowser -->
      </class> <!-- com.syntax.class01.TitleLogoAndloginValidation -->
    </test> <!-- Default test -->
  </suite> <!-- Default suite -->
</testng-results>
