<?xml version="1.0" encoding="UTF-8"?>
<!-- Generated by org.testng.reporters.JUnitXMLReporter -->
<testsuite hostname="Antons-iMac.home" ignored="9" name="Regression Test" tests="5" failures="0" timestamp="2020-05-31T15:08:24 EDT" time="79.326" errors="0">
  <testcase name="emptyUsernameLogin" time="0.35" classname="com.hrms.testcases.LoginTest"/>
  <testcase name="invalidPasswordLogin" time="1.453" classname="com.hrms.testcases.LoginTest"/>
  <testcase name="addEmployee" time="15.856" classname="com.hrms.testcases.AddEmployeeTest"/>
  <testcase name="addEmployee" time="17.815" classname="com.hrms.testcases.AddEmployeeTest"/>
  <testcase name="addEmployee" time="15.826" classname="com.hrms.testcases.AddEmployeeTest"/>
  <testcase name="logoValidation" time="0.0" classname="com.hrms.testcases.TitleLogoAndloginValidation">
    <ignored/>
  </testcase> <!-- logoValidation -->
  <testcase name="@BeforeTest generateReport" time="0.0" classname="com.hrms.testbase.BaseClass">
    <ignored/>
  </testcase> <!-- @BeforeTest generateReport -->
  <testcase name="@BeforeTest generateReport" time="0.0" classname="com.hrms.testbase.BaseClass">
    <ignored/>
  </testcase> <!-- @BeforeTest generateReport -->
  <testcase name="titleValidation" time="0.0" classname="com.hrms.testcases.TitleLogoAndloginValidation">
    <ignored/>
  </testcase> <!-- titleValidation -->
  <testcase name="@AfterTest writeReport" time="0.0" classname="com.hrms.testbase.BaseClass">
    <ignored/>
  </testcase> <!-- @AfterTest writeReport -->
  <testcase name="@AfterTest writeReport" time="0.0" classname="com.hrms.testbase.BaseClass">
    <ignored/>
  </testcase> <!-- @AfterTest writeReport -->
  <testcase name="negativeLogin" time="0.0" classname="com.hrms.testcases.TitleLogoAndloginValidation">
    <ignored/>
  </testcase> <!-- negativeLogin -->
  <testcase name="validLogin" time="0.0" classname="com.hrms.testcases.TitleLogoAndloginValidation">
    <ignored/>
  </testcase> <!-- validLogin -->
  <testcase name="validAdminLogin" time="0.0" classname="com.hrms.testcases.LoginTest">
    <ignored/>
  </testcase> <!-- validAdminLogin -->
</testsuite> <!-- Regression Test -->
