<?xml version="1.0" encoding="UTF-8"?>
<!-- Generated by org.testng.reporters.JUnitXMLReporter -->
<testsuite hostname="Antons-iMac.home" ignored="3" name="Default test" tests="1" failures="0" timestamp="2020-05-21T21:34:06 EDT" time="7.147" errors="0">
  <testcase name="logoValidation" time="2.062" classname="com.syntax.class01.TitleLogoAndloginValidation"/>
  <testcase name="negativeLogin" time="0.0" classname="com.syntax.class01.TitleLogoAndloginValidation">
    <ignored/>
  </testcase> <!-- negativeLogin -->
  <testcase name="titleValidation" time="0.0" classname="com.syntax.class01.TitleLogoAndloginValidation">
    <ignored/>
  </testcase> <!-- titleValidation -->
  <testcase name="validLogin" time="0.0" classname="com.syntax.class01.TitleLogoAndloginValidation">
    <ignored/>
  </testcase> <!-- validLogin -->
</testsuite> <!-- Default test -->
