<?xml version="1.0" encoding="UTF-8"?>
<!-- Generated by org.testng.reporters.JUnitXMLReporter -->
<testsuite hostname="Antons-iMac.home" ignored="11" name="Smoke Test" tests="1" failures="0" timestamp="2020-06-02T20:23:38 EDT" time="6.745" errors="0">
  <testcase name="validAdminLogin" time="2.342" classname="com.hrms.testcases.LoginTest"/>
  <testcase name="logoValidation" time="0.0" classname="com.hrms.testcases.TitleLogoAndloginValidation">
    <ignored/>
  </testcase> <!-- logoValidation -->
  <testcase name="@BeforeTest generateReport" time="0.0" classname="com.hrms.testbase.BaseClass">
    <ignored/>
  </testcase> <!-- @BeforeTest generateReport -->
  <testcase name="@BeforeTest generateReport" time="0.0" classname="com.hrms.testbase.BaseClass">
    <ignored/>
  </testcase> <!-- @BeforeTest generateReport -->
  <testcase name="titleValidation" time="0.0" classname="com.hrms.testcases.TitleLogoAndloginValidation">
    <ignored/>
  </testcase> <!-- titleValidation -->
  <testcase name="addEmployee" time="0.0" classname="com.hrms.testcases.AddEmployeeTest">
    <ignored/>
  </testcase> <!-- addEmployee -->
  <testcase name="@AfterTest writeReport" time="0.0" classname="com.hrms.testbase.BaseClass">
    <ignored/>
  </testcase> <!-- @AfterTest writeReport -->
  <testcase name="@AfterTest writeReport" time="0.0" classname="com.hrms.testbase.BaseClass">
    <ignored/>
  </testcase> <!-- @AfterTest writeReport -->
  <testcase name="negativeLogin" time="0.0" classname="com.hrms.testcases.TitleLogoAndloginValidation">
    <ignored/>
  </testcase> <!-- negativeLogin -->
  <testcase name="invalidPasswordLogin" time="0.0" classname="com.hrms.testcases.LoginTest">
    <ignored/>
  </testcase> <!-- invalidPasswordLogin -->
  <testcase name="validLogin" time="0.0" classname="com.hrms.testcases.TitleLogoAndloginValidation">
    <ignored/>
  </testcase> <!-- validLogin -->
  <testcase name="emptyUsernameLogin" time="0.0" classname="com.hrms.testcases.LoginTest">
    <ignored/>
  </testcase> <!-- emptyUsernameLogin -->
</testsuite> <!-- Smoke Test -->
